<?xml version="1.0" encoding="UTF-8"?>
<!-- Generated by org.testng.reporters.JUnitXMLReporter -->
<testsuite hostname="RAJ-PC" ignored="0" name="Login Test" tests="6" failures="0" timestamp="04 Sep 2021 02:23:44 GMT" time="64.413" errors="0">
  <testcase name="adminLoginTest" time="0.459" classname="com.tradeviv.testCases.TC_AdminLoginTest_001"/>
  <testcase name="adminLoginDDT" time="0.252" classname="com.tradeviv.testCases.TC_AdminLoginDDT_002"/>
  <testcase name="adminLoginDDT" time="0.239" classname="com.tradeviv.testCases.TC_AdminLoginDDT_002"/>
  <testcase name="adminLoginDDT" time="0.24" classname="com.tradeviv.testCases.TC_AdminLoginDDT_002"/>
  <testcase name="adminLoginDDT" time="0.242" classname="com.tradeviv.testCases.TC_AdminLoginDDT_002"/>
  <testcase name="addMainCategory" time="9.044" classname="com.tradeviv.testCases.TC_MainCategory_004"/>
</testsuite> <!-- Login Test -->
