<?xml version="1.0" encoding="UTF-8"?>
<!-- Generated by org.testng.reporters.JUnitXMLReporter -->
<testsuite ignored="0" hostname="RAJ-PC" failures="0" tests="3" name="Login Test(failed)" time="24.974" errors="0" timestamp="25 Apr 2021 04:29:14 GMT">
  <testcase classname="com.tradeviv.testCases.TC_AdminLoginDDT_002" name="adminLoginDDT" time="0.352"/>
  <testcase classname="com.tradeviv.testCases.TC_AdminLoginDDT_002" name="adminLoginDDT" time="0.16"/>
  <testcase classname="com.tradeviv.testCases.TC_AdminLoginDDT_002" name="adminLoginDDT" time="0.185"/>
</testsuite> <!-- Login Test(failed) -->
